<?xml version="1.0" encoding="UTF-8"?>
<!-- Generated by org.testng.reporters.JUnitReportReporter -->
<testsuite hostname="APCFSS-DT-088" failures="0" tests="1" name="com.APFD.tests.AddFirePointTest" time="97.109" errors="0" timestamp="2025-01-06T16:22:00 IST" skipped="0">
  <testcase classname="com.APFD.tests.AddFirePointTest" name="addFirePoint" time="97.109"/>
  <system-out/>
</testsuite> <!-- com.APFD.tests.AddFirePointTest -->
