<?xml version="1.0" encoding="UTF-8"?>
<!-- Generated by org.testng.reporters.JUnitReportReporter -->
<testsuite hostname="APCFSS-DT-088" failures="0" tests="2" name="com.APFD.tests.APFDTest" time="117.189" errors="0" timestamp="2025-01-06T16:39:06 IST" skipped="0">
  <testcase classname="com.APFD.tests.APFDTest" name="addFirePoint" time="55.455"/>
  <system-out/>
  <testcase classname="com.APFD.tests.APFDTest" name="groundTruthing" time="61.734"/>
  <system-out/>
</testsuite> <!-- com.APFD.tests.APFDTest -->
